  TaskV2.cpp
D:\PARVICH\LAB1\Point2\TaskV2\TaskV2\TaskV2.cpp(15,31): warning C4244: =: преобразование "double" в "float", возможна потеря данных
D:\PARVICH\LAB1\Point2\TaskV2\TaskV2\TaskV2.cpp(16,20): warning C4244: =: преобразование "double" в "float", возможна потеря данных
D:\PARVICH\LAB1\Point2\TaskV2\TaskV2\TaskV2.cpp(20,12): warning C4566: символ, представленный универсальным именем символа "\u0412", невозможно представить в текущей кодовой странице (1252)
D:\PARVICH\LAB1\Point2\TaskV2\TaskV2\TaskV2.cpp(20,12): warning C4566: символ, представленный универсальным именем символа "\u044B", невозможно представить в текущей кодовой странице (1252)
D:\PARVICH\LAB1\Point2\TaskV2\TaskV2\TaskV2.cpp(20,12): warning C4566: символ, представленный универсальным именем символа "\u0432", невозможно представить в текущей кодовой странице (1252)
D:\PARVICH\LAB1\Point2\TaskV2\TaskV2\TaskV2.cpp(20,12): warning C4566: символ, представленный универсальным именем символа "\u043E", невозможно представить в текущей кодовой странице (1252)
D:\PARVICH\LAB1\Point2\TaskV2\TaskV2\TaskV2.cpp(20,12): warning C4566: символ, представленный универсальным именем символа "\u0434", невозможно представить в текущей кодовой странице (1252)
D:\PARVICH\LAB1\Point2\TaskV2\TaskV2\TaskV2.cpp(20,12): warning C4566: символ, представленный универсальным именем символа "\u0437", невозможно представить в текущей кодовой странице (1252)
D:\PARVICH\LAB1\Point2\TaskV2\TaskV2\TaskV2.cpp(20,12): warning C4566: символ, представленный универсальным именем символа "\u043D", невозможно представить в текущей кодовой странице (1252)
D:\PARVICH\LAB1\Point2\TaskV2\TaskV2\TaskV2.cpp(20,12): warning C4566: символ, представленный универсальным именем символа "\u0430", невозможно представить в текущей кодовой странице (1252)
D:\PARVICH\LAB1\Point2\TaskV2\TaskV2\TaskV2.cpp(20,12): warning C4566: символ, представленный универсальным именем символа "\u0447", невозможно представить в текущей кодовой странице (1252)
D:\PARVICH\LAB1\Point2\TaskV2\TaskV2\TaskV2.cpp(20,12): warning C4566: символ, представленный универсальным именем символа "\u0435", невозможно представить в текущей кодовой странице (1252)
D:\PARVICH\LAB1\Point2\TaskV2\TaskV2\TaskV2.cpp(20,12): warning C4566: символ, представленный универсальным именем символа "\u0438", невозможно представить в текущей кодовой странице (1252)
D:\PARVICH\LAB1\Point2\TaskV2\TaskV2\TaskV2.cpp(20,12): warning C4566: символ, представленный универсальным именем символа "\u0439", невозможно представить в текущей кодовой странице (1252)
D:\PARVICH\LAB1\Point2\TaskV2\TaskV2\TaskV2.cpp(20,12): warning C4566: символ, представленный универсальным именем символа "\u043C", невозможно представить в текущей кодовой странице (1252)
D:\PARVICH\LAB1\Point2\TaskV2\TaskV2\TaskV2.cpp(20,12): warning C4566: символ, представленный универсальным именем символа "\u0442", невозможно представить в текущей кодовой странице (1252)
D:\PARVICH\LAB1\Point2\TaskV2\TaskV2\TaskV2.cpp(20,12): warning C4566: символ, представленный универсальным именем символа "\u0440", невозможно представить в текущей кодовой странице (1252)
D:\PARVICH\LAB1\Point2\TaskV2\TaskV2\TaskV2.cpp(20,12): warning C4566: символ, представленный универсальным именем символа "\u0446", невозможно представить в текущей кодовой странице (1252)
D:\PARVICH\LAB1\Point2\TaskV2\TaskV2\TaskV2.cpp(20,12): warning C4566: символ, представленный универсальным именем символа "\u043A", невозможно представить в текущей кодовой странице (1252)
D:\PARVICH\LAB1\Point2\TaskV2\TaskV2\TaskV2.cpp(20,12): warning C4566: символ, представленный универсальным именем символа "\u044D", невозможно представить в текущей кодовой странице (1252)
  TaskV2.vcxproj -> D:\PARVICH\LAB1\Point2\TaskV2\Debug\TaskV2.exe
